<?xml version="1.0" encoding="UTF-8"?>
<!-- Generated by org.testng.reporters.JUnitReportReporter -->
<testsuite hostname="DESKTOP-J7DNQ9P" failures="0" tests="2" name="TestNGfRAMEWORK.GroupingTestcases" time="0.052" errors="0" timestamp="2023-11-14T10:56:46 IST" skipped="0">
  <testcase classname="TestNGfRAMEWORK.GroupingTestcases" name="Login" time="0.048"/>
  <testcase classname="TestNGfRAMEWORK.GroupingTestcases" name="password" time="0.004"/>
</testsuite> <!-- TestNGfRAMEWORK.GroupingTestcases -->
