<?xml version="1.0" encoding="UTF-8"?>
<!-- Generated by org.testng.reporters.JUnitReportReporter -->
<testsuite hostname="DESKTOP-J7DNQ9P" failures="0" tests="1" name="TestNGfRAMEWORK.AnnotationsExamples" time="0.004" errors="0" timestamp="2023-11-09T15:39:38 IST" skipped="0">
  <testcase classname="TestNGfRAMEWORK.AnnotationsExamples" name="EnterINtoLoginPage" time="0.004"/>
</testsuite> <!-- TestNGfRAMEWORK.AnnotationsExamples -->
