<?xml version="1.0" encoding="UTF-8"?>
<!-- Generated by org.testng.reporters.JUnitReportReporter -->
<testsuite hostname="DESKTOP-J7DNQ9P" failures="0" tests="2" name="TestNGfRAMEWORK.DependsOnMethodsExamples" time="3.833" errors="0" timestamp="2023-11-09T16:21:17 IST" skipped="0">
  <testcase classname="TestNGfRAMEWORK.DependsOnMethodsExamples" name="LoginFunctionality" time="2.342"/>
  <testcase classname="TestNGfRAMEWORK.DependsOnMethodsExamples" name="RegistrationFunctionality" time="1.491"/>
</testsuite> <!-- TestNGfRAMEWORK.DependsOnMethodsExamples -->
