<?xml version="1.0" encoding="UTF-8"?>
<!-- Generated by org.testng.reporters.JUnitReportReporter -->
<testsuite hostname="DESKTOP-J7DNQ9P" failures="0" tests="3" name="TestNGfRAMEWORK.InvocationalCountExamples" time="7.569" errors="0" timestamp="2023-11-14T12:09:20 IST" skipped="0">
  <testcase classname="TestNGfRAMEWORK.InvocationalCountExamples" name="LoginFunctionality" time="2.765"/>
  <testcase classname="TestNGfRAMEWORK.InvocationalCountExamples" name="LoginFunctionality" time="2.260"/>
  <testcase classname="TestNGfRAMEWORK.InvocationalCountExamples" name="LoginFunctionality" time="2.544"/>
</testsuite> <!-- TestNGfRAMEWORK.InvocationalCountExamples -->
