<?xml version="1.0" encoding="UTF-8"?>
<!-- Generated by org.testng.reporters.JUnitReportReporter -->
<testsuite hostname="DESKTOP-J7DNQ9P" failures="0" tests="1" name="TestNGfRAMEWORK.ParameterizationExamples002" time="1.709" errors="0" timestamp="2023-11-15T14:58:19 IST" skipped="0">
  <testcase classname="TestNGfRAMEWORK.ParameterizationExamples002" name="Login" time="1.709"/>
</testsuite> <!-- TestNGfRAMEWORK.ParameterizationExamples002 -->
