<?xml version="1.0" encoding="UTF-8"?>
<!-- Generated by org.testng.reporters.JUnitReportReporter -->
<testsuite hostname="DESKTOP-J7DNQ9P" failures="0" tests="4" name="TestNGfRAMEWORK.Examples" time="0.014" errors="0" timestamp="2023-11-09T15:39:38 IST" skipped="0">
  <testcase classname="TestNGfRAMEWORK.Examples" name="sub" time="0.006"/>
  <testcase classname="TestNGfRAMEWORK.Examples" name="sum" time="0.002"/>
  <testcase classname="TestNGfRAMEWORK.Examples" name="div" time="0.002"/>
  <testcase classname="TestNGfRAMEWORK.Examples" name="mult" time="0.004"/>
</testsuite> <!-- TestNGfRAMEWORK.Examples -->
