<?xml version="1.0" encoding="UTF-8"?>
<!-- Generated by org.testng.reporters.JUnitReportReporter -->
<testsuite hostname="DESKTOP-J7DNQ9P" failures="0" tests="6" name="TestNGfRAMEWORK.Examples003" time="0.025" errors="0" timestamp="2023-11-09T16:25:06 IST" skipped="0">
  <testcase classname="TestNGfRAMEWORK.Examples003" name="loginByEmail" time="0.004"/>
  <testcase classname="TestNGfRAMEWORK.Examples003" name="signupbyemail" time="0.003"/>
  <testcase classname="TestNGfRAMEWORK.Examples003" name="signupbyfacebook" time="0.003"/>
  <testcase classname="TestNGfRAMEWORK.Examples003" name="signupbytwitter" time="0.007"/>
  <testcase classname="TestNGfRAMEWORK.Examples003" name="paymentinrupees" time="0.004"/>
  <testcase classname="TestNGfRAMEWORK.Examples003" name="paymentReturnbyBank" time="0.004"/>
</testsuite> <!-- TestNGfRAMEWORK.Examples003 -->
