<?xml version="1.0" encoding="UTF-8"?>
<!-- Generated by org.testng.reporters.JUnitReportReporter -->
<testsuite hostname="DESKTOP-J7DNQ9P" failures="0" tests="1" name="TestNGfRAMEWORK.Examples002" time="0.003" errors="0" timestamp="2023-11-09T15:39:38 IST" skipped="0">
  <testcase classname="TestNGfRAMEWORK.Examples002" name="abc" time="0.003"/>
</testsuite> <!-- TestNGfRAMEWORK.Examples002 -->
